<?xml version="1.0" encoding="UTF-8"?>
<!-- Generated by org.testng.reporters.JUnitReportReporter -->
<testsuite hostname="DESKTOP-8MA3HS2" failures="0" tests="1" name="createProduct.CreateProductWithTeamSellingTest" time="8.533" errors="0" timestamp="2022-01-27T09:58:03 IST" skipped="0">
  <testcase classname="createProduct.CreateProductWithTeamSellingTest" name="createProductWithTeamSelling" time="8.533"/>
  <system-out/>
</testsuite> <!-- createProduct.CreateProductWithTeamSellingTest -->
