<?xml version="1.0" encoding="UTF-8"?>
<!-- Generated by org.testng.reporters.JUnitReportReporter -->
<testsuite hostname="DESKTOP-8MA3HS2" failures="0" tests="1" name="createProduct.CreateProductwithMarketingGroupTest" time="9.517" errors="0" timestamp="2022-01-20T23:44:21 IST" skipped="0">
  <testcase classname="createProduct.CreateProductwithMarketingGroupTest" name="createProductwithMarketingGroup" time="9.517"/>
  <system-out/>
</testsuite> <!-- createProduct.CreateProductwithMarketingGroupTest -->
