<?xml version="1.0" encoding="UTF-8"?>
<!-- Generated by org.testng.reporters.JUnitReportReporter -->
<testsuite hostname="DESKTOP-8MA3HS2" failures="0" tests="1" name="createProduct.CreateProductWithQuickCreateTest" time="12.491" errors="0" timestamp="2022-01-21T00:08:24 IST" skipped="0">
  <testcase classname="createProduct.CreateProductWithQuickCreateTest" name="createProductWithQuickCreateTest" time="12.491"/>
  <system-out/>
</testsuite> <!-- createProduct.CreateProductWithQuickCreateTest -->
