<?xml version="1.0" encoding="UTF-8"?>
<!-- Generated by org.testng.reporters.JUnitReportReporter -->
<testsuite hostname="DESKTOP-8MA3HS2" failures="0" tests="1" name="createProduct.CreateProductWithQuickCreateTest" time="9.330" errors="0" timestamp="2022-01-20T23:44:21 IST" skipped="0">
  <testcase classname="createProduct.CreateProductWithQuickCreateTest" name="createProductWithQuickCreateTest" time="9.330"/>
  <system-out/>
</testsuite> <!-- createProduct.CreateProductWithQuickCreateTest -->
