<?xml version="1.0" encoding="UTF-8"?>
<!-- Generated by org.testng.reporters.JUnitReportReporter -->
<testsuite hostname="DESKTOP-8MA3HS2" failures="0" tests="1" name="createProduct.CreateProductWithQuickCreateTest" time="8.623" errors="0" timestamp="2022-01-27T09:57:14 IST" skipped="0">
  <testcase classname="createProduct.CreateProductWithQuickCreateTest" name="createProductWithQuickCreateTest" time="8.623"/>
  <system-out/>
</testsuite> <!-- createProduct.CreateProductWithQuickCreateTest -->
