<?xml version="1.0" encoding="UTF-8"?>
<!-- Generated by org.testng.reporters.JUnitReportReporter -->
<testsuite hostname="DESKTOP-8MA3HS2" failures="0" tests="1" name="createProduct.CreateProductWithSupportGroupTest" time="8.483" errors="0" timestamp="2022-01-27T09:58:21 IST" skipped="0">
  <testcase classname="createProduct.CreateProductWithSupportGroupTest" name="createProductWithSupportGroup" time="8.483"/>
  <system-out/>
</testsuite> <!-- createProduct.CreateProductWithSupportGroupTest -->
