<?xml version="1.0" encoding="UTF-8"?>
<!-- Generated by org.testng.reporters.JUnitReportReporter -->
<testsuite hostname="DESKTOP-8MA3HS2" failures="0" tests="1" name="createProduct.CreateProductwithMarketingGroupTest" time="13.118" errors="0" timestamp="2022-01-21T00:07:49 IST" skipped="0">
  <testcase classname="createProduct.CreateProductwithMarketingGroupTest" name="createProductwithMarketingGroup" time="13.118"/>
  <system-out/>
</testsuite> <!-- createProduct.CreateProductwithMarketingGroupTest -->
